[debug] [2025-08-26T07:35:29.360Z] ----------------------------------------------------------------------
[debug] [2025-08-26T07:35:29.363Z] Command:       C:\Program Files\nodejs\node.exe C:\Users\hario\AppData\Roaming\npm\node_modules\firebase-tools\lib\bin\firebase.js init
[debug] [2025-08-26T07:35:29.363Z] CLI Version:   14.14.0
[debug] [2025-08-26T07:35:29.363Z] Platform:      win32
[debug] [2025-08-26T07:35:29.363Z] Node Version:  v22.14.0
[debug] [2025-08-26T07:35:29.364Z] Time:          Tue Aug 26 2025 13:05:29 GMT+0530 (India Standard Time)
[debug] [2025-08-26T07:35:29.364Z] ----------------------------------------------------------------------
[debug] 
[debug] [2025-08-26T07:35:29.366Z] >>> [apiv2][query] GET https://firebase-public.firebaseio.com/cli.json [none]
[debug] [2025-08-26T07:35:29.409Z] > command requires scopes: ["email","openid","https://www.googleapis.com/auth/cloudplatformprojects.readonly","https://www.googleapis.com/auth/firebase","https://www.googleapis.com/auth/cloud-platform"]
[debug] [2025-08-26T07:35:29.410Z] > authorizing via signed-in user (hariomphulre.workspace@gmail.com)
[info] 
     ######## #### ########  ######## ########     ###     ######  ########
     ##        ##  ##     ## ##       ##     ##  ##   ##  ##       ##
     ######    ##  ########  ######   ########  #########  ######  ######
     ##        ##  ##    ##  ##       ##     ## ##     ##       ## ##
     ##       #### ##     ## ######## ########  ##     ##  ######  ########

You're about to initialize a Firebase project in this directory:

  I:\Projects\Climate-Resilient-Agriculture

[debug] [2025-08-26T07:35:31.405Z] <<< [apiv2][status] GET https://firebase-public.firebaseio.com/cli.json 200
[debug] [2025-08-26T07:35:31.406Z] <<< [apiv2][body] GET https://firebase-public.firebaseio.com/cli.json {"cloudBuildErrorAfter":1594252800000,"cloudBuildWarnAfter":1590019200000,"defaultNode10After":1594252800000,"minVersion":"3.0.5","node8DeploysDisabledAfter":1613390400000,"node8RuntimeDisabledAfter":1615809600000,"node8WarnAfter":1600128000000}
[debug] [2025-08-26T07:37:51.173Z] ExitPromptError: User force closed the prompt with SIGINT
    at Interface.sigint (C:\Users\hario\AppData\Roaming\npm\node_modules\firebase-tools\node_modules\@inquirer\core\dist\commonjs\lib\create-prompt.js:101:37)
    at Interface.emit (node:events:518:28)
    at Interface.emit (node:domain:489:12)
    at [_ttyWrite] [as _ttyWrite] (node:internal/readline/interface:1124:18)
    at ReadStream.onkeypress (node:internal/readline/interface:263:20)
    at ReadStream.emit (node:events:530:35)
    at ReadStream.emit (node:domain:489:12)
    at emitKeys (node:internal/readline/utils:370:14)
    at emitKeys.next (<anonymous>)
    at ReadStream.onData (node:internal/readline/emitKeypressEvents:64:36)
[error] 
[error] Error: An unexpected error has occurred.
